<?xml version="1.0" encoding="UTF-8"?>
<!-- Generated by org.testng.reporters.JUnitReportReporter -->
<testsuite hostname="DTBLR01LP237" failures="0" tests="1" name="com.actiTime.tests.ProjectpageTest" time="16.375" errors="0" timestamp="2023-07-13T15:58:13 IST" skipped="0">
  <testcase classname="com.actiTime.tests.ProjectpageTest" name="verifyTasks" time="16.375"/>
  <system-out/>
</testsuite> <!-- com.actiTime.tests.ProjectpageTest -->
