<?xml version="1.0" encoding="UTF-8"?>
<!-- Generated by org.testng.reporters.JUnitReportReporter -->
<testsuite hostname="DTBLR01LP237" failures="0" tests="1" name="com.actiTime.tests.CalenderpageTest" time="66.467" errors="0" timestamp="2023-07-04T11:11:26 IST" skipped="0">
  <testcase classname="com.actiTime.tests.CalenderpageTest" name="calenderS" time="66.467"/>
  <system-out/>
</testsuite> <!-- com.actiTime.tests.CalenderpageTest -->
