<?xml version="1.0" encoding="UTF-8"?>
<!-- Generated by org.testng.reporters.JUnitReportReporter -->
<testsuite hostname="DTBLR01LP237" failures="0" tests="5" name="com.actiTime.tests.ManagerpageTest" time="133.141" errors="0" timestamp="2023-05-12T11:19:11 IST" skipped="0">
  <testcase classname="com.actiTime.tests.ManagerpageTest" name="clickNasa" time="4.947"/>
  <system-out/>
  <testcase classname="com.actiTime.tests.ManagerpageTest" name="checkdetails" time="78.595"/>
  <system-out/>
  <testcase classname="com.actiTime.tests.ManagerpageTest" name="reportedUser" time="3.126"/>
  <system-out/>
  <testcase classname="com.actiTime.tests.ManagerpageTest" name="AssignedUser" time="24.759"/>
  <system-out/>
  <testcase classname="com.actiTime.tests.ManagerpageTest" name="Managers" time="21.714"/>
  <system-out/>
</testsuite> <!-- com.actiTime.tests.ManagerpageTest -->
